<?xml version="1.0" encoding="UTF-8"?>
<!-- Generated by org.testng.reporters.JUnitXMLReporter -->
<testsuite hostname="DESKTOP-CQNAHNN" ignored="0" name="Test" tests="1" failures="1" timestamp="16 Feb 2021 05:35:43 GMT" time="0.224" errors="0">
  <testcase name="initialize" time="0.136" classname="AppiumWeb.GoogleSearch">
    <failure type="java.lang.NullPointerException">
      <![CDATA[java.lang.NullPointerException
	at AppiumWeb.GoogleSearch.initialize(GoogleSearch.java:17)
... Removed 25 stack frames]]>
    </failure>
  </testcase> <!-- initialize -->
</testsuite> <!-- Test -->
