<?xml version="1.0" encoding="UTF-8"?>
<testng-results skipped="0" failed="0" ignored="0" total="3" passed="3">
  <reporter-output>
  </reporter-output>
  <suite name="Default suite" duration-ms="96992" started-at="2021-01-26T02:35:27Z" finished-at="2021-01-26T02:37:04Z">
    <groups>
    </groups>
    <test name="Default test" duration-ms="96992" started-at="2021-01-26T02:35:27Z" finished-at="2021-01-26T02:37:04Z">
      <class name="Appium.Framework.TestCalander">
        <test-method status="PASS" signature="initialize()[pri:0, instance:Appium.Framework.TestCalander@a67c67e]" name="initialize" is-config="true" duration-ms="28741" started-at="2021-01-25T18:35:27Z" finished-at="2021-01-25T18:35:56Z">
          <reporter-output>
          </reporter-output>
        </test-method> <!-- initialize -->
        <test-method status="PASS" signature="navigateToDateWidget()[pri:1, instance:Appium.Framework.TestCalander@a67c67e]" name="navigateToDateWidget" duration-ms="4998" started-at="2021-01-25T18:35:56Z" finished-at="2021-01-25T18:36:01Z">
          <reporter-output>
          </reporter-output>
        </test-method> <!-- navigateToDateWidget -->
        <test-method status="PASS" signature="DatePicker1()[pri:2, instance:Appium.Framework.TestCalander@a67c67e]" name="DatePicker1" duration-ms="3307" started-at="2021-01-25T18:36:01Z" depends-on-methods="Appium.Framework.TestCalander.navigateToDateWidget" finished-at="2021-01-25T18:36:05Z">
          <reporter-output>
          </reporter-output>
        </test-method> <!-- DatePicker1 -->
        <test-method status="PASS" signature="testChangeDate()[pri:3, instance:Appium.Framework.TestCalander@a67c67e]" name="testChangeDate" duration-ms="59823" started-at="2021-01-25T18:36:05Z" depends-on-methods="Appium.Framework.TestCalander.DatePicker1" finished-at="2021-01-25T18:37:04Z">
          <reporter-output>
          </reporter-output>
        </test-method> <!-- testChangeDate -->
        <test-method status="PASS" signature="stopServer()[pri:0, instance:Appium.Framework.TestCalander@a67c67e]" name="stopServer" is-config="true" duration-ms="1" started-at="2021-01-25T18:37:04Z" finished-at="2021-01-25T18:37:04Z">
          <reporter-output>
          </reporter-output>
        </test-method> <!-- stopServer -->
      </class> <!-- Appium.Framework.TestCalander -->
    </test> <!-- Default test -->
  </suite> <!-- Default suite -->
</testng-results>
